[2017-03-27 14:54:48] production.ERROR: PDOException: SQLSTATE[HY000] [1045] Access denied for user 'root'@'localhost' (using password: YES) in D:\xampp\htdocs\integration\vendor\laravel\framework\src\Illuminate\Database\Connectors\Connector.php:55
Stack trace:
#0 D:\xampp\htdocs\integration\vendor\laravel\framework\src\Illuminate\Database\Connectors\Connector.php(55): PDO->__construct('mysql:host=loca...', 'root', 'oxedeb2', Array)
#1 D:\xampp\htdocs\integration\vendor\laravel\framework\src\Illuminate\Database\Connectors\MySqlConnector.php(22): Illuminate\Database\Connectors\Connector->createConnection('mysql:host=loca...', Array, Array)
#2 D:\xampp\htdocs\integration\vendor\laravel\framework\src\Illuminate\Database\Connectors\ConnectionFactory.php(60): Illuminate\Database\Connectors\MySqlConnector->connect(Array)
#3 D:\xampp\htdocs\integration\vendor\laravel\framework\src\Illuminate\Database\Connectors\ConnectionFactory.php(49): Illuminate\Database\Connectors\ConnectionFactory->createSingleConnection(Array)
#4 D:\xampp\htdocs\integration\vendor\laravel\framework\src\Illuminate\Database\DatabaseManager.php(175): Illuminate\Database\Connectors\ConnectionFactory->make(Array, 'mysql')
#5 D:\xampp\htdocs\integration\vendor\laravel\framework\src\Illuminate\Database\DatabaseManager.php(67): Illuminate\Database\DatabaseManager->makeConnection('mysql')
#6 D:\xampp\htdocs\integration\vendor\laravel\framework\src\Illuminate\Database\Eloquent\Model.php(3224): Illuminate\Database\DatabaseManager->connection('mysql')
#7 D:\xampp\htdocs\integration\vendor\laravel\framework\src\Illuminate\Database\Eloquent\Model.php(3190): Illuminate\Database\Eloquent\Model::resolveConnection(NULL)
#8 D:\xampp\htdocs\integration\vendor\october\rain\src\Database\Model.php(450): Illuminate\Database\Eloquent\Model->getConnection()
#9 D:\xampp\htdocs\integration\vendor\laravel\framework\src\Illuminate\Database\Eloquent\Model.php(1813): October\Rain\Database\Model->newBaseQueryBuilder()
#10 D:\xampp\htdocs\integration\vendor\laravel\framework\src\Illuminate\Database\Eloquent\Model.php(1787): Illuminate\Database\Eloquent\Model->newQueryWithoutScopes()
#11 D:\xampp\htdocs\integration\vendor\laravel\framework\src\Illuminate\Database\Eloquent\Model.php(3442): Illuminate\Database\Eloquent\Model->newQuery()
#12 D:\xampp\htdocs\integration\vendor\october\rain\src\Extension\ExtendableTrait.php(380): Illuminate\Database\Eloquent\Model->__call('where', Array)
#13 D:\xampp\htdocs\integration\vendor\october\rain\src\Database\Model.php(492): October\Rain\Database\Model->extendableCall('where', Array)
#14 D:\xampp\htdocs\integration\modules\system\behaviors\SettingsModel.php(117): October\Rain\Database\Model->__call('where', Array)
#15 D:\xampp\htdocs\integration\modules\system\behaviors\SettingsModel.php(81): System\Behaviors\SettingsModel->getSettingsRecord()
#16 D:\xampp\htdocs\integration\modules\system\behaviors\SettingsModel.php(140): System\Behaviors\SettingsModel->instance()
#17 [internal function]: System\Behaviors\SettingsModel->get('profile_field')
#18 D:\xampp\htdocs\integration\vendor\october\rain\src\Extension\ExtendableTrait.php(366): call_user_func_array(Array, Array)
#19 D:\xampp\htdocs\integration\vendor\october\rain\src\Database\Model.php(492): October\Rain\Database\Model->extendableCall('get', Array)
#20 [internal function]: October\Rain\Database\Model->__call('get', Array)
#21 D:\xampp\htdocs\integration\vendor\laravel\framework\src\Illuminate\Database\Eloquent\Model.php(3458): call_user_func_array(Array, Array)
#22 D:\xampp\htdocs\integration\plugins\esroyo\userprofile\Plugin.php(84): Illuminate\Database\Eloquent\Model::__callStatic('get', Array)
#23 D:\xampp\htdocs\integration\modules\system\classes\PluginManager.php(269): Esroyo\UserProfile\Plugin->boot()
#24 D:\xampp\htdocs\integration\modules\system\classes\PluginManager.php(251): System\Classes\PluginManager->bootPlugin(Object(Esroyo\UserProfile\Plugin))
#25 D:\xampp\htdocs\integration\modules\system\ServiceProvider.php(87): System\Classes\PluginManager->bootAll()
#26 [internal function]: System\ServiceProvider->boot()
#27 D:\xampp\htdocs\integration\vendor\laravel\framework\src\Illuminate\Container\Container.php(507): call_user_func_array(Array, Array)
#28 D:\xampp\htdocs\integration\vendor\laravel\framework\src\Illuminate\Foundation\Application.php(734): Illuminate\Container\Container->call(Array)
#29 D:\xampp\htdocs\integration\vendor\laravel\framework\src\Illuminate\Foundation\Application.php(717): Illuminate\Foundation\Application->bootProvider(Object(System\ServiceProvider))
#30 [internal function]: Illuminate\Foundation\Application->Illuminate\Foundation\{closure}(Object(System\ServiceProvider), 21)
#31 D:\xampp\htdocs\integration\vendor\laravel\framework\src\Illuminate\Foundation\Application.php(718): array_walk(Array, Object(Closure))
#32 D:\xampp\htdocs\integration\vendor\laravel\framework\src\Illuminate\Foundation\Bootstrap\BootProviders.php(17): Illuminate\Foundation\Application->boot()
#33 D:\xampp\htdocs\integration\vendor\laravel\framework\src\Illuminate\Foundation\Application.php(203): Illuminate\Foundation\Bootstrap\BootProviders->bootstrap(Object(October\Rain\Foundation\Application))
#34 D:\xampp\htdocs\integration\vendor\laravel\framework\src\Illuminate\Foundation\Http\Kernel.php(222): Illuminate\Foundation\Application->bootstrapWith(Array)
#35 D:\xampp\htdocs\integration\vendor\laravel\framework\src\Illuminate\Foundation\Http\Kernel.php(117): Illuminate\Foundation\Http\Kernel->bootstrap()
#36 D:\xampp\htdocs\integration\vendor\laravel\framework\src\Illuminate\Foundation\Http\Kernel.php(87): Illuminate\Foundation\Http\Kernel->sendRequestThroughRouter(Object(Illuminate\Http\Request))
#37 D:\xampp\htdocs\integration\index.php(43): Illuminate\Foundation\Http\Kernel->handle(Object(Illuminate\Http\Request))
#38 {main}  
[2017-03-27 14:54:49] production.ERROR: PDOException: SQLSTATE[HY000] [1045] Access denied for user 'root'@'localhost' (using password: YES) in D:\xampp\htdocs\integration\vendor\laravel\framework\src\Illuminate\Database\Connectors\Connector.php:55
Stack trace:
#0 D:\xampp\htdocs\integration\vendor\laravel\framework\src\Illuminate\Database\Connectors\Connector.php(55): PDO->__construct('mysql:host=loca...', 'root', 'oxedeb2', Array)
#1 D:\xampp\htdocs\integration\vendor\laravel\framework\src\Illuminate\Database\Connectors\MySqlConnector.php(22): Illuminate\Database\Connectors\Connector->createConnection('mysql:host=loca...', Array, Array)
#2 D:\xampp\htdocs\integration\vendor\laravel\framework\src\Illuminate\Database\Connectors\ConnectionFactory.php(60): Illuminate\Database\Connectors\MySqlConnector->connect(Array)
#3 D:\xampp\htdocs\integration\vendor\laravel\framework\src\Illuminate\Database\Connectors\ConnectionFactory.php(49): Illuminate\Database\Connectors\ConnectionFactory->createSingleConnection(Array)
#4 D:\xampp\htdocs\integration\vendor\laravel\framework\src\Illuminate\Database\DatabaseManager.php(175): Illuminate\Database\Connectors\ConnectionFactory->make(Array, 'mysql')
#5 D:\xampp\htdocs\integration\vendor\laravel\framework\src\Illuminate\Database\DatabaseManager.php(67): Illuminate\Database\DatabaseManager->makeConnection('mysql')
#6 D:\xampp\htdocs\integration\vendor\laravel\framework\src\Illuminate\Database\Eloquent\Model.php(3224): Illuminate\Database\DatabaseManager->connection('mysql')
#7 D:\xampp\htdocs\integration\vendor\laravel\framework\src\Illuminate\Database\Eloquent\Model.php(3190): Illuminate\Database\Eloquent\Model::resolveConnection(NULL)
#8 D:\xampp\htdocs\integration\vendor\october\rain\src\Database\Model.php(450): Illuminate\Database\Eloquent\Model->getConnection()
#9 D:\xampp\htdocs\integration\vendor\laravel\framework\src\Illuminate\Database\Eloquent\Model.php(1813): October\Rain\Database\Model->newBaseQueryBuilder()
#10 D:\xampp\htdocs\integration\vendor\laravel\framework\src\Illuminate\Database\Eloquent\Model.php(1787): Illuminate\Database\Eloquent\Model->newQueryWithoutScopes()
#11 D:\xampp\htdocs\integration\vendor\laravel\framework\src\Illuminate\Database\Eloquent\Model.php(3442): Illuminate\Database\Eloquent\Model->newQuery()
#12 D:\xampp\htdocs\integration\vendor\october\rain\src\Extension\ExtendableTrait.php(380): Illuminate\Database\Eloquent\Model->__call('where', Array)
#13 D:\xampp\htdocs\integration\vendor\october\rain\src\Database\Model.php(492): October\Rain\Database\Model->extendableCall('where', Array)
#14 D:\xampp\htdocs\integration\modules\system\behaviors\SettingsModel.php(117): October\Rain\Database\Model->__call('where', Array)
#15 D:\xampp\htdocs\integration\modules\system\behaviors\SettingsModel.php(81): System\Behaviors\SettingsModel->getSettingsRecord()
#16 D:\xampp\htdocs\integration\modules\system\behaviors\SettingsModel.php(140): System\Behaviors\SettingsModel->instance()
#17 [internal function]: System\Behaviors\SettingsModel->get('profile_field')
#18 D:\xampp\htdocs\integration\vendor\october\rain\src\Extension\ExtendableTrait.php(366): call_user_func_array(Array, Array)
#19 D:\xampp\htdocs\integration\vendor\october\rain\src\Database\Model.php(492): October\Rain\Database\Model->extendableCall('get', Array)
#20 [internal function]: October\Rain\Database\Model->__call('get', Array)
#21 D:\xampp\htdocs\integration\vendor\laravel\framework\src\Illuminate\Database\Eloquent\Model.php(3458): call_user_func_array(Array, Array)
#22 D:\xampp\htdocs\integration\plugins\esroyo\userprofile\Plugin.php(84): Illuminate\Database\Eloquent\Model::__callStatic('get', Array)
#23 D:\xampp\htdocs\integration\modules\system\classes\PluginManager.php(269): Esroyo\UserProfile\Plugin->boot()
#24 D:\xampp\htdocs\integration\modules\system\classes\PluginManager.php(251): System\Classes\PluginManager->bootPlugin(Object(Esroyo\UserProfile\Plugin))
#25 D:\xampp\htdocs\integration\modules\system\ServiceProvider.php(87): System\Classes\PluginManager->bootAll()
#26 [internal function]: System\ServiceProvider->boot()
#27 D:\xampp\htdocs\integration\vendor\laravel\framework\src\Illuminate\Container\Container.php(507): call_user_func_array(Array, Array)
#28 D:\xampp\htdocs\integration\vendor\laravel\framework\src\Illuminate\Foundation\Application.php(734): Illuminate\Container\Container->call(Array)
#29 D:\xampp\htdocs\integration\vendor\laravel\framework\src\Illuminate\Foundation\Application.php(717): Illuminate\Foundation\Application->bootProvider(Object(System\ServiceProvider))
#30 [internal function]: Illuminate\Foundation\Application->Illuminate\Foundation\{closure}(Object(System\ServiceProvider), 21)
#31 D:\xampp\htdocs\integration\vendor\laravel\framework\src\Illuminate\Foundation\Application.php(718): array_walk(Array, Object(Closure))
#32 D:\xampp\htdocs\integration\vendor\laravel\framework\src\Illuminate\Foundation\Bootstrap\BootProviders.php(17): Illuminate\Foundation\Application->boot()
#33 D:\xampp\htdocs\integration\vendor\laravel\framework\src\Illuminate\Foundation\Application.php(203): Illuminate\Foundation\Bootstrap\BootProviders->bootstrap(Object(October\Rain\Foundation\Application))
#34 D:\xampp\htdocs\integration\vendor\laravel\framework\src\Illuminate\Foundation\Http\Kernel.php(222): Illuminate\Foundation\Application->bootstrapWith(Array)
#35 D:\xampp\htdocs\integration\vendor\laravel\framework\src\Illuminate\Foundation\Http\Kernel.php(117): Illuminate\Foundation\Http\Kernel->bootstrap()
#36 D:\xampp\htdocs\integration\vendor\laravel\framework\src\Illuminate\Foundation\Http\Kernel.php(87): Illuminate\Foundation\Http\Kernel->sendRequestThroughRouter(Object(Illuminate\Http\Request))
#37 D:\xampp\htdocs\integration\index.php(43): Illuminate\Foundation\Http\Kernel->handle(Object(Illuminate\Http\Request))
#38 {main}  
[2017-03-27 15:55:58] production.ERROR: PDOException: SQLSTATE[HY000] [1045] Access denied for user 'root'@'localhost' (using password: YES) in D:\xampp\htdocs\integration\vendor\laravel\framework\src\Illuminate\Database\Connectors\Connector.php:55
Stack trace:
#0 D:\xampp\htdocs\integration\vendor\laravel\framework\src\Illuminate\Database\Connectors\Connector.php(55): PDO->__construct('mysql:host=loca...', 'root', 'oxedeb2', Array)
#1 D:\xampp\htdocs\integration\vendor\laravel\framework\src\Illuminate\Database\Connectors\MySqlConnector.php(22): Illuminate\Database\Connectors\Connector->createConnection('mysql:host=loca...', Array, Array)
#2 D:\xampp\htdocs\integration\vendor\laravel\framework\src\Illuminate\Database\Connectors\ConnectionFactory.php(60): Illuminate\Database\Connectors\MySqlConnector->connect(Array)
#3 D:\xampp\htdocs\integration\vendor\laravel\framework\src\Illuminate\Database\Connectors\ConnectionFactory.php(49): Illuminate\Database\Connectors\ConnectionFactory->createSingleConnection(Array)
#4 D:\xampp\htdocs\integration\vendor\laravel\framework\src\Illuminate\Database\DatabaseManager.php(175): Illuminate\Database\Connectors\ConnectionFactory->make(Array, 'mysql')
#5 D:\xampp\htdocs\integration\vendor\laravel\framework\src\Illuminate\Database\DatabaseManager.php(67): Illuminate\Database\DatabaseManager->makeConnection('mysql')
#6 D:\xampp\htdocs\integration\vendor\laravel\framework\src\Illuminate\Database\Eloquent\Model.php(3224): Illuminate\Database\DatabaseManager->connection('mysql')
#7 D:\xampp\htdocs\integration\vendor\laravel\framework\src\Illuminate\Database\Eloquent\Model.php(3190): Illuminate\Database\Eloquent\Model::resolveConnection(NULL)
#8 D:\xampp\htdocs\integration\vendor\october\rain\src\Database\Model.php(450): Illuminate\Database\Eloquent\Model->getConnection()
#9 D:\xampp\htdocs\integration\vendor\laravel\framework\src\Illuminate\Database\Eloquent\Model.php(1813): October\Rain\Database\Model->newBaseQueryBuilder()
#10 D:\xampp\htdocs\integration\vendor\laravel\framework\src\Illuminate\Database\Eloquent\Model.php(1787): Illuminate\Database\Eloquent\Model->newQueryWithoutScopes()
#11 D:\xampp\htdocs\integration\vendor\laravel\framework\src\Illuminate\Database\Eloquent\Model.php(3442): Illuminate\Database\Eloquent\Model->newQuery()
#12 D:\xampp\htdocs\integration\vendor\october\rain\src\Extension\ExtendableTrait.php(380): Illuminate\Database\Eloquent\Model->__call('where', Array)
#13 D:\xampp\htdocs\integration\vendor\october\rain\src\Database\Model.php(492): October\Rain\Database\Model->extendableCall('where', Array)
#14 D:\xampp\htdocs\integration\modules\system\behaviors\SettingsModel.php(117): October\Rain\Database\Model->__call('where', Array)
#15 D:\xampp\htdocs\integration\modules\system\behaviors\SettingsModel.php(81): System\Behaviors\SettingsModel->getSettingsRecord()
#16 D:\xampp\htdocs\integration\modules\system\behaviors\SettingsModel.php(140): System\Behaviors\SettingsModel->instance()
#17 [internal function]: System\Behaviors\SettingsModel->get('profile_field')
#18 D:\xampp\htdocs\integration\vendor\october\rain\src\Extension\ExtendableTrait.php(366): call_user_func_array(Array, Array)
#19 D:\xampp\htdocs\integration\vendor\october\rain\src\Database\Model.php(492): October\Rain\Database\Model->extendableCall('get', Array)
#20 [internal function]: October\Rain\Database\Model->__call('get', Array)
#21 D:\xampp\htdocs\integration\vendor\laravel\framework\src\Illuminate\Database\Eloquent\Model.php(3458): call_user_func_array(Array, Array)
#22 D:\xampp\htdocs\integration\plugins\esroyo\userprofile\Plugin.php(84): Illuminate\Database\Eloquent\Model::__callStatic('get', Array)
#23 D:\xampp\htdocs\integration\modules\system\classes\PluginManager.php(269): Esroyo\UserProfile\Plugin->boot()
#24 D:\xampp\htdocs\integration\modules\system\classes\PluginManager.php(251): System\Classes\PluginManager->bootPlugin(Object(Esroyo\UserProfile\Plugin))
#25 D:\xampp\htdocs\integration\modules\system\ServiceProvider.php(87): System\Classes\PluginManager->bootAll()
#26 [internal function]: System\ServiceProvider->boot()
#27 D:\xampp\htdocs\integration\vendor\laravel\framework\src\Illuminate\Container\Container.php(507): call_user_func_array(Array, Array)
#28 D:\xampp\htdocs\integration\vendor\laravel\framework\src\Illuminate\Foundation\Application.php(734): Illuminate\Container\Container->call(Array)
#29 D:\xampp\htdocs\integration\vendor\laravel\framework\src\Illuminate\Foundation\Application.php(717): Illuminate\Foundation\Application->bootProvider(Object(System\ServiceProvider))
#30 [internal function]: Illuminate\Foundation\Application->Illuminate\Foundation\{closure}(Object(System\ServiceProvider), 21)
#31 D:\xampp\htdocs\integration\vendor\laravel\framework\src\Illuminate\Foundation\Application.php(718): array_walk(Array, Object(Closure))
#32 D:\xampp\htdocs\integration\vendor\laravel\framework\src\Illuminate\Foundation\Bootstrap\BootProviders.php(17): Illuminate\Foundation\Application->boot()
#33 D:\xampp\htdocs\integration\vendor\laravel\framework\src\Illuminate\Foundation\Application.php(203): Illuminate\Foundation\Bootstrap\BootProviders->bootstrap(Object(October\Rain\Foundation\Application))
#34 D:\xampp\htdocs\integration\vendor\laravel\framework\src\Illuminate\Foundation\Http\Kernel.php(222): Illuminate\Foundation\Application->bootstrapWith(Array)
#35 D:\xampp\htdocs\integration\vendor\laravel\framework\src\Illuminate\Foundation\Http\Kernel.php(117): Illuminate\Foundation\Http\Kernel->bootstrap()
#36 D:\xampp\htdocs\integration\vendor\laravel\framework\src\Illuminate\Foundation\Http\Kernel.php(87): Illuminate\Foundation\Http\Kernel->sendRequestThroughRouter(Object(Illuminate\Http\Request))
#37 D:\xampp\htdocs\integration\index.php(43): Illuminate\Foundation\Http\Kernel->handle(Object(Illuminate\Http\Request))
#38 {main}  
[2017-03-27 15:55:58] production.ERROR: PDOException: SQLSTATE[HY000] [1045] Access denied for user 'root'@'localhost' (using password: YES) in D:\xampp\htdocs\integration\vendor\laravel\framework\src\Illuminate\Database\Connectors\Connector.php:55
Stack trace:
#0 D:\xampp\htdocs\integration\vendor\laravel\framework\src\Illuminate\Database\Connectors\Connector.php(55): PDO->__construct('mysql:host=loca...', 'root', 'oxedeb2', Array)
#1 D:\xampp\htdocs\integration\vendor\laravel\framework\src\Illuminate\Database\Connectors\MySqlConnector.php(22): Illuminate\Database\Connectors\Connector->createConnection('mysql:host=loca...', Array, Array)
#2 D:\xampp\htdocs\integration\vendor\laravel\framework\src\Illuminate\Database\Connectors\ConnectionFactory.php(60): Illuminate\Database\Connectors\MySqlConnector->connect(Array)
#3 D:\xampp\htdocs\integration\vendor\laravel\framework\src\Illuminate\Database\Connectors\ConnectionFactory.php(49): Illuminate\Database\Connectors\ConnectionFactory->createSingleConnection(Array)
#4 D:\xampp\htdocs\integration\vendor\laravel\framework\src\Illuminate\Database\DatabaseManager.php(175): Illuminate\Database\Connectors\ConnectionFactory->make(Array, 'mysql')
#5 D:\xampp\htdocs\integration\vendor\laravel\framework\src\Illuminate\Database\DatabaseManager.php(67): Illuminate\Database\DatabaseManager->makeConnection('mysql')
#6 D:\xampp\htdocs\integration\vendor\laravel\framework\src\Illuminate\Database\Eloquent\Model.php(3224): Illuminate\Database\DatabaseManager->connection('mysql')
#7 D:\xampp\htdocs\integration\vendor\laravel\framework\src\Illuminate\Database\Eloquent\Model.php(3190): Illuminate\Database\Eloquent\Model::resolveConnection(NULL)
#8 D:\xampp\htdocs\integration\vendor\october\rain\src\Database\Model.php(450): Illuminate\Database\Eloquent\Model->getConnection()
#9 D:\xampp\htdocs\integration\vendor\laravel\framework\src\Illuminate\Database\Eloquent\Model.php(1813): October\Rain\Database\Model->newBaseQueryBuilder()
#10 D:\xampp\htdocs\integration\vendor\laravel\framework\src\Illuminate\Database\Eloquent\Model.php(1787): Illuminate\Database\Eloquent\Model->newQueryWithoutScopes()
#11 D:\xampp\htdocs\integration\vendor\laravel\framework\src\Illuminate\Database\Eloquent\Model.php(3442): Illuminate\Database\Eloquent\Model->newQuery()
#12 D:\xampp\htdocs\integration\vendor\october\rain\src\Extension\ExtendableTrait.php(380): Illuminate\Database\Eloquent\Model->__call('where', Array)
#13 D:\xampp\htdocs\integration\vendor\october\rain\src\Database\Model.php(492): October\Rain\Database\Model->extendableCall('where', Array)
#14 D:\xampp\htdocs\integration\modules\system\behaviors\SettingsModel.php(117): October\Rain\Database\Model->__call('where', Array)
#15 D:\xampp\htdocs\integration\modules\system\behaviors\SettingsModel.php(81): System\Behaviors\SettingsModel->getSettingsRecord()
#16 D:\xampp\htdocs\integration\modules\system\behaviors\SettingsModel.php(140): System\Behaviors\SettingsModel->instance()
#17 [internal function]: System\Behaviors\SettingsModel->get('profile_field')
#18 D:\xampp\htdocs\integration\vendor\october\rain\src\Extension\ExtendableTrait.php(366): call_user_func_array(Array, Array)
#19 D:\xampp\htdocs\integration\vendor\october\rain\src\Database\Model.php(492): October\Rain\Database\Model->extendableCall('get', Array)
#20 [internal function]: October\Rain\Database\Model->__call('get', Array)
#21 D:\xampp\htdocs\integration\vendor\laravel\framework\src\Illuminate\Database\Eloquent\Model.php(3458): call_user_func_array(Array, Array)
#22 D:\xampp\htdocs\integration\plugins\esroyo\userprofile\Plugin.php(84): Illuminate\Database\Eloquent\Model::__callStatic('get', Array)
#23 D:\xampp\htdocs\integration\modules\system\classes\PluginManager.php(269): Esroyo\UserProfile\Plugin->boot()
#24 D:\xampp\htdocs\integration\modules\system\classes\PluginManager.php(251): System\Classes\PluginManager->bootPlugin(Object(Esroyo\UserProfile\Plugin))
#25 D:\xampp\htdocs\integration\modules\system\ServiceProvider.php(87): System\Classes\PluginManager->bootAll()
#26 [internal function]: System\ServiceProvider->boot()
#27 D:\xampp\htdocs\integration\vendor\laravel\framework\src\Illuminate\Container\Container.php(507): call_user_func_array(Array, Array)
#28 D:\xampp\htdocs\integration\vendor\laravel\framework\src\Illuminate\Foundation\Application.php(734): Illuminate\Container\Container->call(Array)
#29 D:\xampp\htdocs\integration\vendor\laravel\framework\src\Illuminate\Foundation\Application.php(717): Illuminate\Foundation\Application->bootProvider(Object(System\ServiceProvider))
#30 [internal function]: Illuminate\Foundation\Application->Illuminate\Foundation\{closure}(Object(System\ServiceProvider), 21)
#31 D:\xampp\htdocs\integration\vendor\laravel\framework\src\Illuminate\Foundation\Application.php(718): array_walk(Array, Object(Closure))
#32 D:\xampp\htdocs\integration\vendor\laravel\framework\src\Illuminate\Foundation\Bootstrap\BootProviders.php(17): Illuminate\Foundation\Application->boot()
#33 D:\xampp\htdocs\integration\vendor\laravel\framework\src\Illuminate\Foundation\Application.php(203): Illuminate\Foundation\Bootstrap\BootProviders->bootstrap(Object(October\Rain\Foundation\Application))
#34 D:\xampp\htdocs\integration\vendor\laravel\framework\src\Illuminate\Foundation\Http\Kernel.php(222): Illuminate\Foundation\Application->bootstrapWith(Array)
#35 D:\xampp\htdocs\integration\vendor\laravel\framework\src\Illuminate\Foundation\Http\Kernel.php(117): Illuminate\Foundation\Http\Kernel->bootstrap()
#36 D:\xampp\htdocs\integration\vendor\laravel\framework\src\Illuminate\Foundation\Http\Kernel.php(87): Illuminate\Foundation\Http\Kernel->sendRequestThroughRouter(Object(Illuminate\Http\Request))
#37 D:\xampp\htdocs\integration\index.php(43): Illuminate\Foundation\Http\Kernel->handle(Object(Illuminate\Http\Request))
#38 {main}  
